24-Jun-2019 13:08:25.657 警告 [main] org.apache.tomcat.util.digester.Digester.endElement   No rules found matching 'Server/Service/Engine/Host/context'.
24-Jun-2019 13:08:25.665 信息 [main] org.apache.catalina.startup.VersionLoggerListener.log Server version:        Apache Tomcat/8.0.47
24-Jun-2019 13:08:25.665 信息 [main] org.apache.catalina.startup.VersionLoggerListener.log Server built:          Sep 29 2017 13:46:41 UTC
24-Jun-2019 13:08:25.666 信息 [main] org.apache.catalina.startup.VersionLoggerListener.log Server number:         8.0.47.0
24-Jun-2019 13:08:25.666 信息 [main] org.apache.catalina.startup.VersionLoggerListener.log OS Name:               Windows 8.1
24-Jun-2019 13:08:25.666 信息 [main] org.apache.catalina.startup.VersionLoggerListener.log OS Version:            6.3
24-Jun-2019 13:08:25.667 信息 [main] org.apache.catalina.startup.VersionLoggerListener.log Architecture:          amd64
24-Jun-2019 13:08:25.667 信息 [main] org.apache.catalina.startup.VersionLoggerListener.log Java Home:             C:\java\jdk1.8.0_20_x64\jre
24-Jun-2019 13:08:25.667 信息 [main] org.apache.catalina.startup.VersionLoggerListener.log JVM Version:           1.8.0_20-b26
24-Jun-2019 13:08:25.667 信息 [main] org.apache.catalina.startup.VersionLoggerListener.log JVM Vendor:            Oracle Corporation
24-Jun-2019 13:08:25.668 信息 [main] org.apache.catalina.startup.VersionLoggerListener.log CATALINA_BASE:         D:\apache-tomcat-8.0.47
24-Jun-2019 13:08:25.668 信息 [main] org.apache.catalina.startup.VersionLoggerListener.log CATALINA_HOME:         D:\apache-tomcat-8.0.47
24-Jun-2019 13:08:25.669 信息 [main] org.apache.catalina.startup.VersionLoggerListener.log Command line argument: -Djava.util.logging.config.file=D:\apache-tomcat-8.0.47\conf\logging.properties
24-Jun-2019 13:08:25.669 信息 [main] org.apache.catalina.startup.VersionLoggerListener.log Command line argument: -Djava.util.logging.manager=org.apache.juli.ClassLoaderLogManager
24-Jun-2019 13:08:25.669 信息 [main] org.apache.catalina.startup.VersionLoggerListener.log Command line argument: -Djdk.tls.ephemeralDHKeySize=2048
24-Jun-2019 13:08:25.669 信息 [main] org.apache.catalina.startup.VersionLoggerListener.log Command line argument: -Djava.protocol.handler.pkgs=org.apache.catalina.webresources
24-Jun-2019 13:08:25.670 信息 [main] org.apache.catalina.startup.VersionLoggerListener.log Command line argument: -Djava.endorsed.dirs=D:\apache-tomcat-8.0.47\endorsed
24-Jun-2019 13:08:25.671 信息 [main] org.apache.catalina.startup.VersionLoggerListener.log Command line argument: -Dcatalina.base=D:\apache-tomcat-8.0.47
24-Jun-2019 13:08:25.672 信息 [main] org.apache.catalina.startup.VersionLoggerListener.log Command line argument: -Dcatalina.home=D:\apache-tomcat-8.0.47
24-Jun-2019 13:08:25.678 信息 [main] org.apache.catalina.startup.VersionLoggerListener.log Command line argument: -Djava.io.tmpdir=D:\apache-tomcat-8.0.47\temp
24-Jun-2019 13:08:25.679 信息 [main] org.apache.catalina.core.AprLifecycleListener.lifecycleEvent Loaded APR based Apache Tomcat Native library 1.2.14 using APR version 1.6.2.
24-Jun-2019 13:08:25.680 信息 [main] org.apache.catalina.core.AprLifecycleListener.lifecycleEvent APR capabilities: IPv6 [true], sendfile [true], accept filters [false], random [true].
24-Jun-2019 13:08:26.957 信息 [main] org.apache.catalina.core.AprLifecycleListener.initializeSSL OpenSSL successfully initialized (OpenSSL 1.0.2l  25 May 2017)
24-Jun-2019 13:08:27.146 信息 [main] org.apache.coyote.AbstractProtocol.init Initializing ProtocolHandler ["http-apr-8080"]
24-Jun-2019 13:08:27.167 信息 [main] org.apache.coyote.AbstractProtocol.init Initializing ProtocolHandler ["ajp-apr-8009"]
24-Jun-2019 13:08:27.172 信息 [main] org.apache.catalina.startup.Catalina.load Initialization processed in 2257 ms
24-Jun-2019 13:08:27.320 信息 [main] org.apache.catalina.core.StandardService.startInternal Starting service Catalina
24-Jun-2019 13:08:27.322 信息 [main] org.apache.catalina.core.StandardEngine.startInternal Starting Servlet Engine: Apache Tomcat/8.0.47
24-Jun-2019 13:08:27.369 信息 [localhost-startStop-1] org.apache.catalina.startup.HostConfig.deployDirectory Deploying web application directory D:\apache-tomcat-8.0.47\webapps\docs
24-Jun-2019 13:08:29.004 警告 [localhost-startStop-1] org.apache.catalina.util.SessionIdGeneratorBase.createSecureRandom Creation of SecureRandom instance for session ID generation using [SHA1PRNG] took [539] milliseconds.
24-Jun-2019 13:08:29.046 信息 [localhost-startStop-1] org.apache.catalina.startup.HostConfig.deployDirectory Deployment of web application directory D:\apache-tomcat-8.0.47\webapps\docs has finished in 1,676 ms
24-Jun-2019 13:08:29.049 信息 [localhost-startStop-1] org.apache.catalina.startup.HostConfig.deployDirectory Deploying web application directory D:\apache-tomcat-8.0.47\webapps\examples
24-Jun-2019 13:08:30.956 信息 [localhost-startStop-1] org.apache.catalina.startup.HostConfig.deployDirectory Deployment of web application directory D:\apache-tomcat-8.0.47\webapps\examples has finished in 1,907 ms
24-Jun-2019 13:08:30.956 信息 [localhost-startStop-1] org.apache.catalina.startup.HostConfig.deployDirectory Deploying web application directory D:\apache-tomcat-8.0.47\webapps\host-manager
24-Jun-2019 13:08:31.031 信息 [localhost-startStop-1] org.apache.catalina.startup.HostConfig.deployDirectory Deployment of web application directory D:\apache-tomcat-8.0.47\webapps\host-manager has finished in 75 ms
24-Jun-2019 13:08:31.032 信息 [localhost-startStop-1] org.apache.catalina.startup.HostConfig.deployDirectory Deploying web application directory D:\apache-tomcat-8.0.47\webapps\manager
24-Jun-2019 13:08:31.137 信息 [localhost-startStop-1] org.apache.catalina.startup.HostConfig.deployDirectory Deployment of web application directory D:\apache-tomcat-8.0.47\webapps\manager has finished in 105 ms
24-Jun-2019 13:08:31.138 信息 [localhost-startStop-1] org.apache.catalina.startup.HostConfig.deployDirectory Deploying web application directory D:\apache-tomcat-8.0.47\webapps\ROOT
24-Jun-2019 13:08:31.216 信息 [localhost-startStop-1] org.apache.catalina.startup.HostConfig.deployDirectory Deployment of web application directory D:\apache-tomcat-8.0.47\webapps\ROOT has finished in 78 ms
24-Jun-2019 13:08:31.223 信息 [main] org.apache.coyote.AbstractProtocol.start Starting ProtocolHandler ["http-apr-8080"]
24-Jun-2019 13:08:31.257 信息 [main] org.apache.coyote.AbstractProtocol.start Starting ProtocolHandler ["ajp-apr-8009"]
24-Jun-2019 13:08:31.267 信息 [main] org.apache.catalina.startup.Catalina.start Server startup in 4093 ms
24-Jun-2019 13:18:06.341 警告 [main] org.apache.catalina.core.StandardContext.setPath A context path must either be an empty string or start with a '/' and do not end with a '/'. The path [/] does not meet these criteria and has been changed to []
24-Jun-2019 13:18:06.360 信息 [main] org.apache.catalina.startup.VersionLoggerListener.log Server version:        Apache Tomcat/8.0.47
24-Jun-2019 13:18:06.361 信息 [main] org.apache.catalina.startup.VersionLoggerListener.log Server built:          Sep 29 2017 13:46:41 UTC
24-Jun-2019 13:18:06.361 信息 [main] org.apache.catalina.startup.VersionLoggerListener.log Server number:         8.0.47.0
24-Jun-2019 13:18:06.361 信息 [main] org.apache.catalina.startup.VersionLoggerListener.log OS Name:               Windows 8.1
24-Jun-2019 13:18:06.361 信息 [main] org.apache.catalina.startup.VersionLoggerListener.log OS Version:            6.3
24-Jun-2019 13:18:06.362 信息 [main] org.apache.catalina.startup.VersionLoggerListener.log Architecture:          amd64
24-Jun-2019 13:18:06.362 信息 [main] org.apache.catalina.startup.VersionLoggerListener.log Java Home:             C:\java\jdk1.8.0_20_x64\jre
24-Jun-2019 13:18:06.362 信息 [main] org.apache.catalina.startup.VersionLoggerListener.log JVM Version:           1.8.0_20-b26
24-Jun-2019 13:18:06.362 信息 [main] org.apache.catalina.startup.VersionLoggerListener.log JVM Vendor:            Oracle Corporation
24-Jun-2019 13:18:06.363 信息 [main] org.apache.catalina.startup.VersionLoggerListener.log CATALINA_BASE:         D:\apache-tomcat-8.0.47
24-Jun-2019 13:18:06.363 信息 [main] org.apache.catalina.startup.VersionLoggerListener.log CATALINA_HOME:         D:\apache-tomcat-8.0.47
24-Jun-2019 13:18:06.363 信息 [main] org.apache.catalina.startup.VersionLoggerListener.log Command line argument: -Djava.util.logging.config.file=D:\apache-tomcat-8.0.47\conf\logging.properties
24-Jun-2019 13:18:06.364 信息 [main] org.apache.catalina.startup.VersionLoggerListener.log Command line argument: -Djava.util.logging.manager=org.apache.juli.ClassLoaderLogManager
24-Jun-2019 13:18:06.367 信息 [main] org.apache.catalina.startup.VersionLoggerListener.log Command line argument: -Djdk.tls.ephemeralDHKeySize=2048
24-Jun-2019 13:18:06.367 信息 [main] org.apache.catalina.startup.VersionLoggerListener.log Command line argument: -Djava.protocol.handler.pkgs=org.apache.catalina.webresources
24-Jun-2019 13:18:06.368 信息 [main] org.apache.catalina.startup.VersionLoggerListener.log Command line argument: -Djava.endorsed.dirs=D:\apache-tomcat-8.0.47\endorsed
24-Jun-2019 13:18:06.369 信息 [main] org.apache.catalina.startup.VersionLoggerListener.log Command line argument: -Dcatalina.base=D:\apache-tomcat-8.0.47
24-Jun-2019 13:18:06.370 信息 [main] org.apache.catalina.startup.VersionLoggerListener.log Command line argument: -Dcatalina.home=D:\apache-tomcat-8.0.47
24-Jun-2019 13:18:06.370 信息 [main] org.apache.catalina.startup.VersionLoggerListener.log Command line argument: -Djava.io.tmpdir=D:\apache-tomcat-8.0.47\temp
24-Jun-2019 13:18:06.377 信息 [main] org.apache.catalina.core.AprLifecycleListener.lifecycleEvent Loaded APR based Apache Tomcat Native library 1.2.14 using APR version 1.6.2.
24-Jun-2019 13:18:06.378 信息 [main] org.apache.catalina.core.AprLifecycleListener.lifecycleEvent APR capabilities: IPv6 [true], sendfile [true], accept filters [false], random [true].
24-Jun-2019 13:18:07.487 信息 [main] org.apache.catalina.core.AprLifecycleListener.initializeSSL OpenSSL successfully initialized (OpenSSL 1.0.2l  25 May 2017)
24-Jun-2019 13:18:07.694 信息 [main] org.apache.coyote.AbstractProtocol.init Initializing ProtocolHandler ["http-apr-8080"]
24-Jun-2019 13:18:07.712 信息 [main] org.apache.coyote.AbstractProtocol.init Initializing ProtocolHandler ["ajp-apr-8009"]
24-Jun-2019 13:18:07.718 信息 [main] org.apache.catalina.startup.Catalina.load Initialization processed in 2051 ms
24-Jun-2019 13:18:07.782 信息 [main] org.apache.catalina.core.StandardService.startInternal Starting service Catalina
24-Jun-2019 13:18:07.783 信息 [main] org.apache.catalina.core.StandardEngine.startInternal Starting Servlet Engine: Apache Tomcat/8.0.47
24-Jun-2019 13:18:08.757 警告 [localhost-startStop-1] org.apache.catalina.util.SessionIdGeneratorBase.createSecureRandom Creation of SecureRandom instance for session ID generation using [SHA1PRNG] took [488] milliseconds.
24-Jun-2019 13:18:08.786 信息 [localhost-startStop-1] org.apache.catalina.startup.HostConfig.deployDirectory Deploying web application directory D:\apache-tomcat-8.0.47\webapps\docs
24-Jun-2019 13:18:08.821 信息 [localhost-startStop-1] org.apache.catalina.startup.HostConfig.deployDirectory Deployment of web application directory D:\apache-tomcat-8.0.47\webapps\docs has finished in 35 ms
24-Jun-2019 13:18:08.821 信息 [localhost-startStop-1] org.apache.catalina.startup.HostConfig.deployDirectory Deploying web application directory D:\apache-tomcat-8.0.47\webapps\examples
24-Jun-2019 13:18:11.195 信息 [localhost-startStop-1] org.apache.catalina.startup.HostConfig.deployDirectory Deployment of web application directory D:\apache-tomcat-8.0.47\webapps\examples has finished in 2,374 ms
24-Jun-2019 13:18:11.196 信息 [localhost-startStop-1] org.apache.catalina.startup.HostConfig.deployDirectory Deploying web application directory D:\apache-tomcat-8.0.47\webapps\host-manager
24-Jun-2019 13:18:11.273 信息 [localhost-startStop-1] org.apache.catalina.startup.HostConfig.deployDirectory Deployment of web application directory D:\apache-tomcat-8.0.47\webapps\host-manager has finished in 77 ms
24-Jun-2019 13:18:11.274 信息 [localhost-startStop-1] org.apache.catalina.startup.HostConfig.deployDirectory Deploying web application directory D:\apache-tomcat-8.0.47\webapps\manager
24-Jun-2019 13:18:11.343 信息 [localhost-startStop-1] org.apache.catalina.startup.HostConfig.deployDirectory Deployment of web application directory D:\apache-tomcat-8.0.47\webapps\manager has finished in 69 ms
24-Jun-2019 13:18:11.352 信息 [main] org.apache.coyote.AbstractProtocol.start Starting ProtocolHandler ["http-apr-8080"]
24-Jun-2019 13:18:11.384 信息 [main] org.apache.coyote.AbstractProtocol.start Starting ProtocolHandler ["ajp-apr-8009"]
24-Jun-2019 13:18:11.397 信息 [main] org.apache.catalina.startup.Catalina.start Server startup in 3668 ms
24-Jun-2019 13:28:26.396 警告 [main] org.apache.catalina.core.StandardContext.setPath A context path must either be an empty string or start with a '/' and do not end with a '/'. The path [/] does not meet these criteria and has been changed to []
24-Jun-2019 13:28:26.434 信息 [main] org.apache.catalina.startup.VersionLoggerListener.log Server version:        Apache Tomcat/8.0.47
24-Jun-2019 13:28:26.436 信息 [main] org.apache.catalina.startup.VersionLoggerListener.log Server built:          Sep 29 2017 13:46:41 UTC
24-Jun-2019 13:28:26.439 信息 [main] org.apache.catalina.startup.VersionLoggerListener.log Server number:         8.0.47.0
24-Jun-2019 13:28:26.445 信息 [main] org.apache.catalina.startup.VersionLoggerListener.log OS Name:               Windows 8.1
24-Jun-2019 13:28:26.446 信息 [main] org.apache.catalina.startup.VersionLoggerListener.log OS Version:            6.3
24-Jun-2019 13:28:26.447 信息 [main] org.apache.catalina.startup.VersionLoggerListener.log Architecture:          amd64
24-Jun-2019 13:28:26.448 信息 [main] org.apache.catalina.startup.VersionLoggerListener.log Java Home:             C:\java\jdk1.8.0_20_x64\jre
24-Jun-2019 13:28:26.455 信息 [main] org.apache.catalina.startup.VersionLoggerListener.log JVM Version:           1.8.0_20-b26
24-Jun-2019 13:28:26.457 信息 [main] org.apache.catalina.startup.VersionLoggerListener.log JVM Vendor:            Oracle Corporation
24-Jun-2019 13:28:26.458 信息 [main] org.apache.catalina.startup.VersionLoggerListener.log CATALINA_BASE:         D:\apache-tomcat-8.0.47
24-Jun-2019 13:28:26.462 信息 [main] org.apache.catalina.startup.VersionLoggerListener.log CATALINA_HOME:         D:\apache-tomcat-8.0.47
24-Jun-2019 13:28:26.468 信息 [main] org.apache.catalina.startup.VersionLoggerListener.log Command line argument: -Djava.util.logging.config.file=D:\apache-tomcat-8.0.47\conf\logging.properties
24-Jun-2019 13:28:26.470 信息 [main] org.apache.catalina.startup.VersionLoggerListener.log Command line argument: -Djava.util.logging.manager=org.apache.juli.ClassLoaderLogManager
24-Jun-2019 13:28:26.475 信息 [main] org.apache.catalina.startup.VersionLoggerListener.log Command line argument: -Djdk.tls.ephemeralDHKeySize=2048
24-Jun-2019 13:28:26.479 信息 [main] org.apache.catalina.startup.VersionLoggerListener.log Command line argument: -Djava.protocol.handler.pkgs=org.apache.catalina.webresources
24-Jun-2019 13:28:26.482 信息 [main] org.apache.catalina.startup.VersionLoggerListener.log Command line argument: -Djava.endorsed.dirs=D:\apache-tomcat-8.0.47\endorsed
24-Jun-2019 13:28:26.485 信息 [main] org.apache.catalina.startup.VersionLoggerListener.log Command line argument: -Dcatalina.base=D:\apache-tomcat-8.0.47
24-Jun-2019 13:28:26.489 信息 [main] org.apache.catalina.startup.VersionLoggerListener.log Command line argument: -Dcatalina.home=D:\apache-tomcat-8.0.47
24-Jun-2019 13:28:26.493 信息 [main] org.apache.catalina.startup.VersionLoggerListener.log Command line argument: -Djava.io.tmpdir=D:\apache-tomcat-8.0.47\temp
24-Jun-2019 13:28:26.507 信息 [main] org.apache.catalina.core.AprLifecycleListener.lifecycleEvent Loaded APR based Apache Tomcat Native library 1.2.14 using APR version 1.6.2.
24-Jun-2019 13:28:26.511 信息 [main] org.apache.catalina.core.AprLifecycleListener.lifecycleEvent APR capabilities: IPv6 [true], sendfile [true], accept filters [false], random [true].
24-Jun-2019 13:28:27.665 信息 [main] org.apache.catalina.core.AprLifecycleListener.initializeSSL OpenSSL successfully initialized (OpenSSL 1.0.2l  25 May 2017)
24-Jun-2019 13:28:27.967 信息 [main] org.apache.coyote.AbstractProtocol.init Initializing ProtocolHandler ["http-apr-8080"]
24-Jun-2019 13:28:27.999 信息 [main] org.apache.coyote.AbstractProtocol.init Initializing ProtocolHandler ["ajp-apr-8009"]
24-Jun-2019 13:28:28.004 信息 [main] org.apache.catalina.startup.Catalina.load Initialization processed in 2658 ms
24-Jun-2019 13:28:28.083 信息 [main] org.apache.catalina.core.StandardService.startInternal Starting service Catalina
24-Jun-2019 13:28:28.083 信息 [main] org.apache.catalina.core.StandardEngine.startInternal Starting Servlet Engine: Apache Tomcat/8.0.47
24-Jun-2019 13:28:29.027 警告 [localhost-startStop-1] org.apache.catalina.util.SessionIdGeneratorBase.createSecureRandom Creation of SecureRandom instance for session ID generation using [SHA1PRNG] took [500] milliseconds.
24-Jun-2019 13:28:29.060 信息 [localhost-startStop-1] org.apache.catalina.startup.HostConfig.deployDirectory Deploying web application directory D:\apache-tomcat-8.0.47\webapps\docs
24-Jun-2019 13:28:29.110 信息 [localhost-startStop-1] org.apache.catalina.startup.HostConfig.deployDirectory Deployment of web application directory D:\apache-tomcat-8.0.47\webapps\docs has finished in 50 ms
24-Jun-2019 13:28:29.110 信息 [localhost-startStop-1] org.apache.catalina.startup.HostConfig.deployDirectory Deploying web application directory D:\apache-tomcat-8.0.47\webapps\examples
24-Jun-2019 13:28:29.731 信息 [localhost-startStop-1] org.apache.catalina.startup.HostConfig.deployDirectory Deployment of web application directory D:\apache-tomcat-8.0.47\webapps\examples has finished in 621 ms
24-Jun-2019 13:28:29.732 信息 [localhost-startStop-1] org.apache.catalina.startup.HostConfig.deployDirectory Deploying web application directory D:\apache-tomcat-8.0.47\webapps\host-manager
24-Jun-2019 13:28:29.790 信息 [localhost-startStop-1] org.apache.catalina.startup.HostConfig.deployDirectory Deployment of web application directory D:\apache-tomcat-8.0.47\webapps\host-manager has finished in 58 ms
24-Jun-2019 13:28:29.790 信息 [localhost-startStop-1] org.apache.catalina.startup.HostConfig.deployDirectory Deploying web application directory D:\apache-tomcat-8.0.47\webapps\manager
24-Jun-2019 13:28:29.848 信息 [localhost-startStop-1] org.apache.catalina.startup.HostConfig.deployDirectory Deployment of web application directory D:\apache-tomcat-8.0.47\webapps\manager has finished in 57 ms
24-Jun-2019 13:28:29.860 信息 [main] org.apache.coyote.AbstractProtocol.start Starting ProtocolHandler ["http-apr-8080"]
24-Jun-2019 13:28:29.902 信息 [main] org.apache.coyote.AbstractProtocol.start Starting ProtocolHandler ["ajp-apr-8009"]
24-Jun-2019 13:28:29.917 信息 [main] org.apache.catalina.startup.Catalina.start Server startup in 1911 ms
24-Jun-2019 13:31:56.259 警告 [main] org.apache.catalina.core.StandardContext.setPath A context path must either be an empty string or start with a '/' and do not end with a '/'. The path [/] does not meet these criteria and has been changed to []
24-Jun-2019 13:31:56.339 信息 [main] org.apache.catalina.startup.VersionLoggerListener.log Server version:        Apache Tomcat/8.0.47
24-Jun-2019 13:31:56.340 信息 [main] org.apache.catalina.startup.VersionLoggerListener.log Server built:          Sep 29 2017 13:46:41 UTC
24-Jun-2019 13:31:56.341 信息 [main] org.apache.catalina.startup.VersionLoggerListener.log Server number:         8.0.47.0
24-Jun-2019 13:31:56.342 信息 [main] org.apache.catalina.startup.VersionLoggerListener.log OS Name:               Windows 8.1
24-Jun-2019 13:31:56.343 信息 [main] org.apache.catalina.startup.VersionLoggerListener.log OS Version:            6.3
24-Jun-2019 13:31:56.343 信息 [main] org.apache.catalina.startup.VersionLoggerListener.log Architecture:          amd64
24-Jun-2019 13:31:56.343 信息 [main] org.apache.catalina.startup.VersionLoggerListener.log Java Home:             C:\java\jdk1.8.0_20_x64\jre
24-Jun-2019 13:31:56.344 信息 [main] org.apache.catalina.startup.VersionLoggerListener.log JVM Version:           1.8.0_20-b26
24-Jun-2019 13:31:56.344 信息 [main] org.apache.catalina.startup.VersionLoggerListener.log JVM Vendor:            Oracle Corporation
24-Jun-2019 13:31:56.345 信息 [main] org.apache.catalina.startup.VersionLoggerListener.log CATALINA_BASE:         D:\apache-tomcat-8.0.47
24-Jun-2019 13:31:56.345 信息 [main] org.apache.catalina.startup.VersionLoggerListener.log CATALINA_HOME:         D:\apache-tomcat-8.0.47
24-Jun-2019 13:31:56.346 信息 [main] org.apache.catalina.startup.VersionLoggerListener.log Command line argument: -Djava.util.logging.config.file=D:\apache-tomcat-8.0.47\conf\logging.properties
24-Jun-2019 13:31:56.347 信息 [main] org.apache.catalina.startup.VersionLoggerListener.log Command line argument: -Djava.util.logging.manager=org.apache.juli.ClassLoaderLogManager
24-Jun-2019 13:31:56.347 信息 [main] org.apache.catalina.startup.VersionLoggerListener.log Command line argument: -Djdk.tls.ephemeralDHKeySize=2048
24-Jun-2019 13:31:56.348 信息 [main] org.apache.catalina.startup.VersionLoggerListener.log Command line argument: -Djava.protocol.handler.pkgs=org.apache.catalina.webresources
24-Jun-2019 13:31:56.357 信息 [main] org.apache.catalina.startup.VersionLoggerListener.log Command line argument: -Djava.endorsed.dirs=D:\apache-tomcat-8.0.47\endorsed
24-Jun-2019 13:31:56.368 信息 [main] org.apache.catalina.startup.VersionLoggerListener.log Command line argument: -Dcatalina.base=D:\apache-tomcat-8.0.47
24-Jun-2019 13:31:56.371 信息 [main] org.apache.catalina.startup.VersionLoggerListener.log Command line argument: -Dcatalina.home=D:\apache-tomcat-8.0.47
24-Jun-2019 13:31:56.374 信息 [main] org.apache.catalina.startup.VersionLoggerListener.log Command line argument: -Djava.io.tmpdir=D:\apache-tomcat-8.0.47\temp
24-Jun-2019 13:31:56.383 信息 [main] org.apache.catalina.core.AprLifecycleListener.lifecycleEvent Loaded APR based Apache Tomcat Native library 1.2.14 using APR version 1.6.2.
24-Jun-2019 13:31:56.385 信息 [main] org.apache.catalina.core.AprLifecycleListener.lifecycleEvent APR capabilities: IPv6 [true], sendfile [true], accept filters [false], random [true].
24-Jun-2019 13:31:57.505 信息 [main] org.apache.catalina.core.AprLifecycleListener.initializeSSL OpenSSL successfully initialized (OpenSSL 1.0.2l  25 May 2017)
24-Jun-2019 13:31:57.710 信息 [main] org.apache.coyote.AbstractProtocol.init Initializing ProtocolHandler ["http-apr-8080"]
24-Jun-2019 13:31:57.726 信息 [main] org.apache.coyote.AbstractProtocol.init Initializing ProtocolHandler ["ajp-apr-8009"]
24-Jun-2019 13:31:57.729 信息 [main] org.apache.catalina.startup.Catalina.load Initialization processed in 2161 ms
24-Jun-2019 13:31:57.779 信息 [main] org.apache.catalina.core.StandardService.startInternal Starting service Catalina
24-Jun-2019 13:31:57.779 信息 [main] org.apache.catalina.core.StandardEngine.startInternal Starting Servlet Engine: Apache Tomcat/8.0.47
24-Jun-2019 13:31:58.715 警告 [localhost-startStop-1] org.apache.catalina.util.SessionIdGeneratorBase.createSecureRandom Creation of SecureRandom instance for session ID generation using [SHA1PRNG] took [481] milliseconds.
24-Jun-2019 13:31:58.746 信息 [localhost-startStop-1] org.apache.catalina.startup.HostConfig.deployDirectory Deploying web application directory D:\apache-tomcat-8.0.47\webapps\docs
24-Jun-2019 13:31:58.787 信息 [localhost-startStop-1] org.apache.catalina.startup.HostConfig.deployDirectory Deployment of web application directory D:\apache-tomcat-8.0.47\webapps\docs has finished in 42 ms
24-Jun-2019 13:31:58.789 信息 [localhost-startStop-1] org.apache.catalina.startup.HostConfig.deployDirectory Deploying web application directory D:\apache-tomcat-8.0.47\webapps\examples
24-Jun-2019 13:31:59.641 信息 [localhost-startStop-1] org.apache.catalina.startup.HostConfig.deployDirectory Deployment of web application directory D:\apache-tomcat-8.0.47\webapps\examples has finished in 851 ms
24-Jun-2019 13:31:59.650 信息 [localhost-startStop-1] org.apache.catalina.startup.HostConfig.deployDirectory Deploying web application directory D:\apache-tomcat-8.0.47\webapps\host-manager
24-Jun-2019 13:31:59.768 信息 [localhost-startStop-1] org.apache.catalina.startup.HostConfig.deployDirectory Deployment of web application directory D:\apache-tomcat-8.0.47\webapps\host-manager has finished in 118 ms
24-Jun-2019 13:31:59.769 信息 [localhost-startStop-1] org.apache.catalina.startup.HostConfig.deployDirectory Deploying web application directory D:\apache-tomcat-8.0.47\webapps\manager
24-Jun-2019 13:31:59.855 信息 [localhost-startStop-1] org.apache.catalina.startup.HostConfig.deployDirectory Deployment of web application directory D:\apache-tomcat-8.0.47\webapps\manager has finished in 86 ms
24-Jun-2019 13:31:59.878 信息 [main] org.apache.coyote.AbstractProtocol.start Starting ProtocolHandler ["http-apr-8080"]
24-Jun-2019 13:31:59.905 信息 [main] org.apache.coyote.AbstractProtocol.start Starting ProtocolHandler ["ajp-apr-8009"]
24-Jun-2019 13:31:59.933 信息 [main] org.apache.catalina.startup.Catalina.start Server startup in 2204 ms
24-Jun-2019 13:32:55.324 信息 [main] org.apache.catalina.startup.VersionLoggerListener.log Server version:        Apache Tomcat/8.0.47
24-Jun-2019 13:32:55.328 信息 [main] org.apache.catalina.startup.VersionLoggerListener.log Server built:          Sep 29 2017 13:46:41 UTC
24-Jun-2019 13:32:55.329 信息 [main] org.apache.catalina.startup.VersionLoggerListener.log Server number:         8.0.47.0
24-Jun-2019 13:32:55.329 信息 [main] org.apache.catalina.startup.VersionLoggerListener.log OS Name:               Windows 8.1
24-Jun-2019 13:32:55.329 信息 [main] org.apache.catalina.startup.VersionLoggerListener.log OS Version:            6.3
24-Jun-2019 13:32:55.329 信息 [main] org.apache.catalina.startup.VersionLoggerListener.log Architecture:          amd64
24-Jun-2019 13:32:55.329 信息 [main] org.apache.catalina.startup.VersionLoggerListener.log Java Home:             C:\java\jdk1.8.0_20_x64\jre
24-Jun-2019 13:32:55.330 信息 [main] org.apache.catalina.startup.VersionLoggerListener.log JVM Version:           1.8.0_20-b26
24-Jun-2019 13:32:55.330 信息 [main] org.apache.catalina.startup.VersionLoggerListener.log JVM Vendor:            Oracle Corporation
24-Jun-2019 13:32:55.330 信息 [main] org.apache.catalina.startup.VersionLoggerListener.log CATALINA_BASE:         D:\apache-tomcat-8.0.47
24-Jun-2019 13:32:55.330 信息 [main] org.apache.catalina.startup.VersionLoggerListener.log CATALINA_HOME:         D:\apache-tomcat-8.0.47
24-Jun-2019 13:32:55.331 信息 [main] org.apache.catalina.startup.VersionLoggerListener.log Command line argument: -Djava.util.logging.config.file=D:\apache-tomcat-8.0.47\conf\logging.properties
24-Jun-2019 13:32:55.332 信息 [main] org.apache.catalina.startup.VersionLoggerListener.log Command line argument: -Djava.util.logging.manager=org.apache.juli.ClassLoaderLogManager
24-Jun-2019 13:32:55.332 信息 [main] org.apache.catalina.startup.VersionLoggerListener.log Command line argument: -Djdk.tls.ephemeralDHKeySize=2048
24-Jun-2019 13:32:55.332 信息 [main] org.apache.catalina.startup.VersionLoggerListener.log Command line argument: -Djava.protocol.handler.pkgs=org.apache.catalina.webresources
24-Jun-2019 13:32:55.332 信息 [main] org.apache.catalina.startup.VersionLoggerListener.log Command line argument: -Djava.endorsed.dirs=D:\apache-tomcat-8.0.47\endorsed
24-Jun-2019 13:32:55.332 信息 [main] org.apache.catalina.startup.VersionLoggerListener.log Command line argument: -Dcatalina.base=D:\apache-tomcat-8.0.47
24-Jun-2019 13:32:55.333 信息 [main] org.apache.catalina.startup.VersionLoggerListener.log Command line argument: -Dcatalina.home=D:\apache-tomcat-8.0.47
24-Jun-2019 13:32:55.334 信息 [main] org.apache.catalina.startup.VersionLoggerListener.log Command line argument: -Djava.io.tmpdir=D:\apache-tomcat-8.0.47\temp
24-Jun-2019 13:32:55.335 信息 [main] org.apache.catalina.core.AprLifecycleListener.lifecycleEvent Loaded APR based Apache Tomcat Native library 1.2.14 using APR version 1.6.2.
24-Jun-2019 13:32:55.336 信息 [main] org.apache.catalina.core.AprLifecycleListener.lifecycleEvent APR capabilities: IPv6 [true], sendfile [true], accept filters [false], random [true].
24-Jun-2019 13:32:56.473 信息 [main] org.apache.catalina.core.AprLifecycleListener.initializeSSL OpenSSL successfully initialized (OpenSSL 1.0.2l  25 May 2017)
24-Jun-2019 13:32:56.746 信息 [main] org.apache.coyote.AbstractProtocol.init Initializing ProtocolHandler ["http-apr-8080"]
24-Jun-2019 13:32:56.771 信息 [main] org.apache.coyote.AbstractProtocol.init Initializing ProtocolHandler ["ajp-apr-8009"]
24-Jun-2019 13:32:56.777 信息 [main] org.apache.catalina.startup.Catalina.load Initialization processed in 2407 ms
24-Jun-2019 13:32:56.838 信息 [main] org.apache.catalina.core.StandardService.startInternal Starting service Catalina
24-Jun-2019 13:32:56.839 信息 [main] org.apache.catalina.core.StandardEngine.startInternal Starting Servlet Engine: Apache Tomcat/8.0.47
24-Jun-2019 13:32:57.942 警告 [localhost-startStop-1] org.apache.catalina.util.SessionIdGeneratorBase.createSecureRandom Creation of SecureRandom instance for session ID generation using [SHA1PRNG] took [551] milliseconds.
24-Jun-2019 13:32:57.978 信息 [localhost-startStop-1] org.apache.catalina.startup.HostConfig.deployDirectory Deploying web application directory D:\apache-tomcat-8.0.47\webapps\docs
24-Jun-2019 13:32:58.020 信息 [localhost-startStop-1] org.apache.catalina.startup.HostConfig.deployDirectory Deployment of web application directory D:\apache-tomcat-8.0.47\webapps\docs has finished in 42 ms
24-Jun-2019 13:32:58.021 信息 [localhost-startStop-1] org.apache.catalina.startup.HostConfig.deployDirectory Deploying web application directory D:\apache-tomcat-8.0.47\webapps\examples
24-Jun-2019 13:32:58.758 信息 [localhost-startStop-1] org.apache.catalina.startup.HostConfig.deployDirectory Deployment of web application directory D:\apache-tomcat-8.0.47\webapps\examples has finished in 737 ms
24-Jun-2019 13:32:58.762 信息 [localhost-startStop-1] org.apache.catalina.startup.HostConfig.deployDirectory Deploying web application directory D:\apache-tomcat-8.0.47\webapps\host-manager
24-Jun-2019 13:32:58.839 信息 [localhost-startStop-1] org.apache.catalina.startup.HostConfig.deployDirectory Deployment of web application directory D:\apache-tomcat-8.0.47\webapps\host-manager has finished in 76 ms
24-Jun-2019 13:32:58.840 信息 [localhost-startStop-1] org.apache.catalina.startup.HostConfig.deployDirectory Deploying web application directory D:\apache-tomcat-8.0.47\webapps\manager
24-Jun-2019 13:32:58.913 信息 [localhost-startStop-1] org.apache.catalina.startup.HostConfig.deployDirectory Deployment of web application directory D:\apache-tomcat-8.0.47\webapps\manager has finished in 74 ms
24-Jun-2019 13:32:58.927 信息 [main] org.apache.coyote.AbstractProtocol.start Starting ProtocolHandler ["http-apr-8080"]
24-Jun-2019 13:32:58.958 信息 [main] org.apache.coyote.AbstractProtocol.start Starting ProtocolHandler ["ajp-apr-8009"]
24-Jun-2019 13:32:58.988 信息 [main] org.apache.catalina.startup.Catalina.start Server startup in 2209 ms
24-Jun-2019 13:34:03.480 信息 [Thread-3] org.apache.coyote.AbstractProtocol.pause Pausing ProtocolHandler ["http-apr-8080"]
24-Jun-2019 13:34:11.819 信息 [main] org.apache.catalina.startup.VersionLoggerListener.log Server version:        Apache Tomcat/8.0.47
24-Jun-2019 13:34:11.828 信息 [main] org.apache.catalina.startup.VersionLoggerListener.log Server built:          Sep 29 2017 13:46:41 UTC
24-Jun-2019 13:34:11.829 信息 [main] org.apache.catalina.startup.VersionLoggerListener.log Server number:         8.0.47.0
24-Jun-2019 13:34:11.830 信息 [main] org.apache.catalina.startup.VersionLoggerListener.log OS Name:               Windows 8.1
24-Jun-2019 13:34:11.830 信息 [main] org.apache.catalina.startup.VersionLoggerListener.log OS Version:            6.3
24-Jun-2019 13:34:11.831 信息 [main] org.apache.catalina.startup.VersionLoggerListener.log Architecture:          amd64
24-Jun-2019 13:34:11.832 信息 [main] org.apache.catalina.startup.VersionLoggerListener.log Java Home:             C:\java\jdk1.8.0_20_x64\jre
24-Jun-2019 13:34:11.833 信息 [main] org.apache.catalina.startup.VersionLoggerListener.log JVM Version:           1.8.0_20-b26
24-Jun-2019 13:34:11.834 信息 [main] org.apache.catalina.startup.VersionLoggerListener.log JVM Vendor:            Oracle Corporation
24-Jun-2019 13:34:11.835 信息 [main] org.apache.catalina.startup.VersionLoggerListener.log CATALINA_BASE:         D:\apache-tomcat-8.0.47
24-Jun-2019 13:34:11.835 信息 [main] org.apache.catalina.startup.VersionLoggerListener.log CATALINA_HOME:         D:\apache-tomcat-8.0.47
24-Jun-2019 13:34:11.839 信息 [main] org.apache.catalina.startup.VersionLoggerListener.log Command line argument: -Djava.util.logging.config.file=D:\apache-tomcat-8.0.47\conf\logging.properties
24-Jun-2019 13:34:11.840 信息 [main] org.apache.catalina.startup.VersionLoggerListener.log Command line argument: -Djava.util.logging.manager=org.apache.juli.ClassLoaderLogManager
24-Jun-2019 13:34:11.841 信息 [main] org.apache.catalina.startup.VersionLoggerListener.log Command line argument: -Djdk.tls.ephemeralDHKeySize=2048
24-Jun-2019 13:34:11.841 信息 [main] org.apache.catalina.startup.VersionLoggerListener.log Command line argument: -Djava.protocol.handler.pkgs=org.apache.catalina.webresources
24-Jun-2019 13:34:11.843 信息 [main] org.apache.catalina.startup.VersionLoggerListener.log Command line argument: -Djava.endorsed.dirs=D:\apache-tomcat-8.0.47\endorsed
24-Jun-2019 13:34:11.845 信息 [main] org.apache.catalina.startup.VersionLoggerListener.log Command line argument: -Dcatalina.base=D:\apache-tomcat-8.0.47
24-Jun-2019 13:34:11.846 信息 [main] org.apache.catalina.startup.VersionLoggerListener.log Command line argument: -Dcatalina.home=D:\apache-tomcat-8.0.47
24-Jun-2019 13:34:11.850 信息 [main] org.apache.catalina.startup.VersionLoggerListener.log Command line argument: -Djava.io.tmpdir=D:\apache-tomcat-8.0.47\temp
24-Jun-2019 13:34:11.852 信息 [main] org.apache.catalina.core.AprLifecycleListener.lifecycleEvent Loaded APR based Apache Tomcat Native library 1.2.14 using APR version 1.6.2.
24-Jun-2019 13:34:11.854 信息 [main] org.apache.catalina.core.AprLifecycleListener.lifecycleEvent APR capabilities: IPv6 [true], sendfile [true], accept filters [false], random [true].
24-Jun-2019 13:34:13.036 信息 [main] org.apache.catalina.core.AprLifecycleListener.initializeSSL OpenSSL successfully initialized (OpenSSL 1.0.2l  25 May 2017)
24-Jun-2019 13:34:13.286 信息 [main] org.apache.coyote.AbstractProtocol.init Initializing ProtocolHandler ["http-apr-8080"]
24-Jun-2019 13:34:13.316 信息 [main] org.apache.coyote.AbstractProtocol.init Initializing ProtocolHandler ["ajp-apr-8009"]
24-Jun-2019 13:34:13.319 信息 [main] org.apache.catalina.startup.Catalina.load Initialization processed in 2430 ms
24-Jun-2019 13:34:13.396 信息 [main] org.apache.catalina.core.StandardService.startInternal Starting service Catalina
24-Jun-2019 13:34:13.398 信息 [main] org.apache.catalina.core.StandardEngine.startInternal Starting Servlet Engine: Apache Tomcat/8.0.47
24-Jun-2019 13:34:13.433 信息 [localhost-startStop-1] org.apache.catalina.startup.HostConfig.deployDirectory Deploying web application directory D:\apache-tomcat-8.0.47\webapps\docs
24-Jun-2019 13:34:15.151 警告 [localhost-startStop-1] org.apache.catalina.util.SessionIdGeneratorBase.createSecureRandom Creation of SecureRandom instance for session ID generation using [SHA1PRNG] took [635] milliseconds.
24-Jun-2019 13:34:15.188 信息 [localhost-startStop-1] org.apache.catalina.startup.HostConfig.deployDirectory Deployment of web application directory D:\apache-tomcat-8.0.47\webapps\docs has finished in 1,755 ms
24-Jun-2019 13:34:15.189 信息 [localhost-startStop-1] org.apache.catalina.startup.HostConfig.deployDirectory Deploying web application directory D:\apache-tomcat-8.0.47\webapps\examples
24-Jun-2019 13:34:15.968 信息 [localhost-startStop-1] org.apache.catalina.startup.HostConfig.deployDirectory Deployment of web application directory D:\apache-tomcat-8.0.47\webapps\examples has finished in 779 ms
24-Jun-2019 13:34:15.969 信息 [localhost-startStop-1] org.apache.catalina.startup.HostConfig.deployDirectory Deploying web application directory D:\apache-tomcat-8.0.47\webapps\host-manager
24-Jun-2019 13:34:16.046 信息 [localhost-startStop-1] org.apache.catalina.startup.HostConfig.deployDirectory Deployment of web application directory D:\apache-tomcat-8.0.47\webapps\host-manager has finished in 77 ms
24-Jun-2019 13:34:16.047 信息 [localhost-startStop-1] org.apache.catalina.startup.HostConfig.deployDirectory Deploying web application directory D:\apache-tomcat-8.0.47\webapps\manager
24-Jun-2019 13:34:16.106 信息 [localhost-startStop-1] org.apache.catalina.startup.HostConfig.deployDirectory Deployment of web application directory D:\apache-tomcat-8.0.47\webapps\manager has finished in 59 ms
24-Jun-2019 13:34:16.107 信息 [localhost-startStop-1] org.apache.catalina.startup.HostConfig.deployDirectory Deploying web application directory D:\apache-tomcat-8.0.47\webapps\ROOT
24-Jun-2019 13:34:16.221 信息 [localhost-startStop-1] org.apache.catalina.startup.HostConfig.deployDirectory Deployment of web application directory D:\apache-tomcat-8.0.47\webapps\ROOT has finished in 114 ms
24-Jun-2019 13:34:16.228 信息 [main] org.apache.coyote.AbstractProtocol.start Starting ProtocolHandler ["http-apr-8080"]
24-Jun-2019 13:34:16.248 信息 [main] org.apache.coyote.AbstractProtocol.start Starting ProtocolHandler ["ajp-apr-8009"]
24-Jun-2019 13:34:16.260 信息 [main] org.apache.catalina.startup.Catalina.start Server startup in 2937 ms
24-Jun-2019 14:15:15.568 警告 [main] org.apache.catalina.core.StandardContext.setPath A context path must either be an empty string or start with a '/' and do not end with a '/'. The path [/] does not meet these criteria and has been changed to []
24-Jun-2019 14:15:15.593 信息 [main] org.apache.catalina.startup.VersionLoggerListener.log Server version:        Apache Tomcat/8.0.47
24-Jun-2019 14:15:15.593 信息 [main] org.apache.catalina.startup.VersionLoggerListener.log Server built:          Sep 29 2017 13:46:41 UTC
24-Jun-2019 14:15:15.593 信息 [main] org.apache.catalina.startup.VersionLoggerListener.log Server number:         8.0.47.0
24-Jun-2019 14:15:15.594 信息 [main] org.apache.catalina.startup.VersionLoggerListener.log OS Name:               Windows 8.1
24-Jun-2019 14:15:15.595 信息 [main] org.apache.catalina.startup.VersionLoggerListener.log OS Version:            6.3
24-Jun-2019 14:15:15.595 信息 [main] org.apache.catalina.startup.VersionLoggerListener.log Architecture:          amd64
24-Jun-2019 14:15:15.595 信息 [main] org.apache.catalina.startup.VersionLoggerListener.log Java Home:             C:\java\jdk1.8.0_20_x64\jre
24-Jun-2019 14:15:15.596 信息 [main] org.apache.catalina.startup.VersionLoggerListener.log JVM Version:           1.8.0_20-b26
24-Jun-2019 14:15:15.596 信息 [main] org.apache.catalina.startup.VersionLoggerListener.log JVM Vendor:            Oracle Corporation
24-Jun-2019 14:15:15.596 信息 [main] org.apache.catalina.startup.VersionLoggerListener.log CATALINA_BASE:         D:\apache-tomcat-8.0.47
24-Jun-2019 14:15:15.596 信息 [main] org.apache.catalina.startup.VersionLoggerListener.log CATALINA_HOME:         D:\apache-tomcat-8.0.47
24-Jun-2019 14:15:15.597 信息 [main] org.apache.catalina.startup.VersionLoggerListener.log Command line argument: -Djava.util.logging.config.file=D:\apache-tomcat-8.0.47\conf\logging.properties
24-Jun-2019 14:15:15.597 信息 [main] org.apache.catalina.startup.VersionLoggerListener.log Command line argument: -Djava.util.logging.manager=org.apache.juli.ClassLoaderLogManager
24-Jun-2019 14:15:15.598 信息 [main] org.apache.catalina.startup.VersionLoggerListener.log Command line argument: -Djdk.tls.ephemeralDHKeySize=2048
24-Jun-2019 14:15:15.598 信息 [main] org.apache.catalina.startup.VersionLoggerListener.log Command line argument: -Djava.protocol.handler.pkgs=org.apache.catalina.webresources
24-Jun-2019 14:15:15.598 信息 [main] org.apache.catalina.startup.VersionLoggerListener.log Command line argument: -Djava.endorsed.dirs=D:\apache-tomcat-8.0.47\endorsed
24-Jun-2019 14:15:15.599 信息 [main] org.apache.catalina.startup.VersionLoggerListener.log Command line argument: -Dcatalina.base=D:\apache-tomcat-8.0.47
24-Jun-2019 14:15:15.600 信息 [main] org.apache.catalina.startup.VersionLoggerListener.log Command line argument: -Dcatalina.home=D:\apache-tomcat-8.0.47
24-Jun-2019 14:15:15.601 信息 [main] org.apache.catalina.startup.VersionLoggerListener.log Command line argument: -Djava.io.tmpdir=D:\apache-tomcat-8.0.47\temp
24-Jun-2019 14:15:15.602 信息 [main] org.apache.catalina.core.AprLifecycleListener.lifecycleEvent Loaded APR based Apache Tomcat Native library 1.2.14 using APR version 1.6.2.
24-Jun-2019 14:15:15.603 信息 [main] org.apache.catalina.core.AprLifecycleListener.lifecycleEvent APR capabilities: IPv6 [true], sendfile [true], accept filters [false], random [true].
24-Jun-2019 14:15:16.754 信息 [main] org.apache.catalina.core.AprLifecycleListener.initializeSSL OpenSSL successfully initialized (OpenSSL 1.0.2l  25 May 2017)
24-Jun-2019 14:15:17.098 信息 [main] org.apache.coyote.AbstractProtocol.init Initializing ProtocolHandler ["http-apr-8080"]
24-Jun-2019 14:15:17.139 信息 [main] org.apache.coyote.AbstractProtocol.init Initializing ProtocolHandler ["ajp-apr-8009"]
24-Jun-2019 14:15:17.145 信息 [main] org.apache.catalina.startup.Catalina.load Initialization processed in 2484 ms
24-Jun-2019 14:15:17.230 信息 [main] org.apache.catalina.core.StandardService.startInternal Starting service Catalina
24-Jun-2019 14:15:17.232 信息 [main] org.apache.catalina.core.StandardEngine.startInternal Starting Servlet Engine: Apache Tomcat/8.0.47
24-Jun-2019 14:15:19.810 信息 [localhost-startStop-1] org.apache.jasper.servlet.TldScanner.scanJars At least one JAR was scanned for TLDs yet contained no TLDs. Enable debug logging for this logger for a complete list of JARs that were scanned but no TLDs were found in them. Skipping unneeded JARs during scanning can improve startup time and JSP compilation time.
24-Jun-2019 14:15:20.511 警告 [localhost-startStop-1] org.apache.catalina.util.SessionIdGeneratorBase.createSecureRandom Creation of SecureRandom instance for session ID generation using [SHA1PRNG] took [594] milliseconds.
24-Jun-2019 14:15:20.544 信息 [localhost-startStop-1] org.apache.catalina.startup.HostConfig.deployDirectory Deploying web application directory D:\apache-tomcat-8.0.47\webapps\docs
24-Jun-2019 14:15:20.581 信息 [localhost-startStop-1] org.apache.catalina.startup.HostConfig.deployDirectory Deployment of web application directory D:\apache-tomcat-8.0.47\webapps\docs has finished in 37 ms
24-Jun-2019 14:15:20.581 信息 [localhost-startStop-1] org.apache.catalina.startup.HostConfig.deployDirectory Deploying web application directory D:\apache-tomcat-8.0.47\webapps\examples
24-Jun-2019 14:15:21.240 信息 [localhost-startStop-1] org.apache.catalina.startup.HostConfig.deployDirectory Deployment of web application directory D:\apache-tomcat-8.0.47\webapps\examples has finished in 659 ms
24-Jun-2019 14:15:21.241 信息 [localhost-startStop-1] org.apache.catalina.startup.HostConfig.deployDirectory Deploying web application directory D:\apache-tomcat-8.0.47\webapps\host-manager
24-Jun-2019 14:15:21.328 信息 [localhost-startStop-1] org.apache.catalina.startup.HostConfig.deployDirectory Deployment of web application directory D:\apache-tomcat-8.0.47\webapps\host-manager has finished in 87 ms
24-Jun-2019 14:15:21.346 信息 [localhost-startStop-1] org.apache.catalina.startup.HostConfig.deployDirectory Deploying web application directory D:\apache-tomcat-8.0.47\webapps\manager
24-Jun-2019 14:15:21.440 信息 [localhost-startStop-1] org.apache.catalina.startup.HostConfig.deployDirectory Deployment of web application directory D:\apache-tomcat-8.0.47\webapps\manager has finished in 93 ms
24-Jun-2019 14:15:21.488 信息 [main] org.apache.coyote.AbstractProtocol.start Starting ProtocolHandler ["http-apr-8080"]
24-Jun-2019 14:15:21.534 信息 [main] org.apache.coyote.AbstractProtocol.start Starting ProtocolHandler ["ajp-apr-8009"]
24-Jun-2019 14:15:21.558 信息 [main] org.apache.catalina.startup.Catalina.start Server startup in 4406 ms
