08-Jul-2019 13:50:32.394 信息 [main] org.apache.catalina.startup.VersionLoggerListener.log Server version:        Apache Tomcat/8.0.47
08-Jul-2019 13:50:32.405 信息 [main] org.apache.catalina.startup.VersionLoggerListener.log Server built:          Sep 29 2017 13:46:41 UTC
08-Jul-2019 13:50:32.406 信息 [main] org.apache.catalina.startup.VersionLoggerListener.log Server number:         8.0.47.0
08-Jul-2019 13:50:32.407 信息 [main] org.apache.catalina.startup.VersionLoggerListener.log OS Name:               Windows 8.1
08-Jul-2019 13:50:32.407 信息 [main] org.apache.catalina.startup.VersionLoggerListener.log OS Version:            6.3
08-Jul-2019 13:50:32.407 信息 [main] org.apache.catalina.startup.VersionLoggerListener.log Architecture:          amd64
08-Jul-2019 13:50:32.407 信息 [main] org.apache.catalina.startup.VersionLoggerListener.log Java Home:             C:\java\jdk1.8.0_20_x64\jre
08-Jul-2019 13:50:32.407 信息 [main] org.apache.catalina.startup.VersionLoggerListener.log JVM Version:           1.8.0_20-b26
08-Jul-2019 13:50:32.408 信息 [main] org.apache.catalina.startup.VersionLoggerListener.log JVM Vendor:            Oracle Corporation
08-Jul-2019 13:50:32.408 信息 [main] org.apache.catalina.startup.VersionLoggerListener.log CATALINA_BASE:         C:\Users\cwlojako\Desktop\apache-tomcat-8.0.47
08-Jul-2019 13:50:32.408 信息 [main] org.apache.catalina.startup.VersionLoggerListener.log CATALINA_HOME:         C:\Users\cwlojako\Desktop\apache-tomcat-8.0.47
08-Jul-2019 13:50:32.409 信息 [main] org.apache.catalina.startup.VersionLoggerListener.log Command line argument: -Djava.util.logging.config.file=C:\Users\cwlojako\Desktop\apache-tomcat-8.0.47\conf\logging.properties
08-Jul-2019 13:50:32.409 信息 [main] org.apache.catalina.startup.VersionLoggerListener.log Command line argument: -Djava.util.logging.manager=org.apache.juli.ClassLoaderLogManager
08-Jul-2019 13:50:32.410 信息 [main] org.apache.catalina.startup.VersionLoggerListener.log Command line argument: -Djdk.tls.ephemeralDHKeySize=2048
08-Jul-2019 13:50:32.410 信息 [main] org.apache.catalina.startup.VersionLoggerListener.log Command line argument: -Djava.protocol.handler.pkgs=org.apache.catalina.webresources
08-Jul-2019 13:50:32.410 信息 [main] org.apache.catalina.startup.VersionLoggerListener.log Command line argument: -Djava.endorsed.dirs=C:\Users\cwlojako\Desktop\apache-tomcat-8.0.47\endorsed
08-Jul-2019 13:50:32.411 信息 [main] org.apache.catalina.startup.VersionLoggerListener.log Command line argument: -Dcatalina.base=C:\Users\cwlojako\Desktop\apache-tomcat-8.0.47
08-Jul-2019 13:50:32.412 信息 [main] org.apache.catalina.startup.VersionLoggerListener.log Command line argument: -Dcatalina.home=C:\Users\cwlojako\Desktop\apache-tomcat-8.0.47
08-Jul-2019 13:50:32.413 信息 [main] org.apache.catalina.startup.VersionLoggerListener.log Command line argument: -Djava.io.tmpdir=C:\Users\cwlojako\Desktop\apache-tomcat-8.0.47\temp
08-Jul-2019 13:50:32.413 信息 [main] org.apache.catalina.core.AprLifecycleListener.lifecycleEvent Loaded APR based Apache Tomcat Native library 1.2.14 using APR version 1.6.2.
08-Jul-2019 13:50:32.414 信息 [main] org.apache.catalina.core.AprLifecycleListener.lifecycleEvent APR capabilities: IPv6 [true], sendfile [true], accept filters [false], random [true].
08-Jul-2019 13:50:33.693 信息 [main] org.apache.catalina.core.AprLifecycleListener.initializeSSL OpenSSL successfully initialized (OpenSSL 1.0.2l  25 May 2017)
08-Jul-2019 13:50:34.175 信息 [main] org.apache.coyote.AbstractProtocol.init Initializing ProtocolHandler ["http-apr-8080"]
08-Jul-2019 13:50:34.210 信息 [main] org.apache.coyote.AbstractProtocol.init Initializing ProtocolHandler ["ajp-apr-8009"]
08-Jul-2019 13:50:34.214 信息 [main] org.apache.catalina.startup.Catalina.load Initialization processed in 3023 ms
08-Jul-2019 13:50:34.316 信息 [main] org.apache.catalina.core.StandardService.startInternal Starting service Catalina
08-Jul-2019 13:50:34.317 信息 [main] org.apache.catalina.core.StandardEngine.startInternal Starting Servlet Engine: Apache Tomcat/8.0.47
08-Jul-2019 13:50:34.371 信息 [localhost-startStop-1] org.apache.catalina.startup.HostConfig.deployDirectory Deploying web application directory C:\Users\cwlojako\Desktop\apache-tomcat-8.0.47\webapps\CRUDDemo
08-Jul-2019 13:50:35.860 警告 [localhost-startStop-1] org.apache.catalina.util.SessionIdGeneratorBase.createSecureRandom Creation of SecureRandom instance for session ID generation using [SHA1PRNG] took [658] milliseconds.
08-Jul-2019 13:50:35.950 信息 [localhost-startStop-1] org.apache.catalina.startup.HostConfig.deployDirectory Deployment of web application directory C:\Users\cwlojako\Desktop\apache-tomcat-8.0.47\webapps\CRUDDemo has finished in 1,579 ms
08-Jul-2019 13:50:35.952 信息 [localhost-startStop-1] org.apache.catalina.startup.HostConfig.deployDirectory Deploying web application directory C:\Users\cwlojako\Desktop\apache-tomcat-8.0.47\webapps\ROOT
08-Jul-2019 13:50:36.046 信息 [localhost-startStop-1] org.apache.catalina.startup.HostConfig.deployDirectory Deployment of web application directory C:\Users\cwlojako\Desktop\apache-tomcat-8.0.47\webapps\ROOT has finished in 94 ms
08-Jul-2019 13:50:36.053 信息 [main] org.apache.coyote.AbstractProtocol.start Starting ProtocolHandler ["http-apr-8080"]
08-Jul-2019 13:50:36.118 信息 [main] org.apache.coyote.AbstractProtocol.start Starting ProtocolHandler ["ajp-apr-8009"]
08-Jul-2019 13:50:36.130 信息 [main] org.apache.catalina.startup.Catalina.start Server startup in 1915 ms
08-Jul-2019 13:54:26.253 信息 [ContainerBackgroundProcessor[StandardEngine[Catalina]]] org.apache.catalina.startup.HostConfig.reload Reloading context []
08-Jul-2019 13:54:26.262 信息 [ContainerBackgroundProcessor[StandardEngine[Catalina]]] org.apache.catalina.core.StandardContext.reload Reloading Context with name [] has started
08-Jul-2019 13:54:26.582 信息 [ContainerBackgroundProcessor[StandardEngine[Catalina]]] org.apache.catalina.core.StandardContext.reload Reloading Context with name [] is completed
08-Jul-2019 13:54:41.556 信息 [Thread-3] org.apache.coyote.AbstractProtocol.pause Pausing ProtocolHandler ["http-apr-8080"]
08-Jul-2019 13:54:54.020 信息 [main] org.apache.catalina.startup.VersionLoggerListener.log Server version:        Apache Tomcat/8.0.47
08-Jul-2019 13:54:54.025 信息 [main] org.apache.catalina.startup.VersionLoggerListener.log Server built:          Sep 29 2017 13:46:41 UTC
08-Jul-2019 13:54:54.026 信息 [main] org.apache.catalina.startup.VersionLoggerListener.log Server number:         8.0.47.0
08-Jul-2019 13:54:54.026 信息 [main] org.apache.catalina.startup.VersionLoggerListener.log OS Name:               Windows 8.1
08-Jul-2019 13:54:54.026 信息 [main] org.apache.catalina.startup.VersionLoggerListener.log OS Version:            6.3
08-Jul-2019 13:54:54.026 信息 [main] org.apache.catalina.startup.VersionLoggerListener.log Architecture:          amd64
08-Jul-2019 13:54:54.027 信息 [main] org.apache.catalina.startup.VersionLoggerListener.log Java Home:             C:\java\jdk1.8.0_20_x64\jre
08-Jul-2019 13:54:54.027 信息 [main] org.apache.catalina.startup.VersionLoggerListener.log JVM Version:           1.8.0_20-b26
08-Jul-2019 13:54:54.027 信息 [main] org.apache.catalina.startup.VersionLoggerListener.log JVM Vendor:            Oracle Corporation
08-Jul-2019 13:54:54.027 信息 [main] org.apache.catalina.startup.VersionLoggerListener.log CATALINA_BASE:         C:\Users\cwlojako\Desktop\apache-tomcat-8.0.47
08-Jul-2019 13:54:54.028 信息 [main] org.apache.catalina.startup.VersionLoggerListener.log CATALINA_HOME:         C:\Users\cwlojako\Desktop\apache-tomcat-8.0.47
08-Jul-2019 13:54:54.028 信息 [main] org.apache.catalina.startup.VersionLoggerListener.log Command line argument: -Djava.util.logging.config.file=C:\Users\cwlojako\Desktop\apache-tomcat-8.0.47\conf\logging.properties
08-Jul-2019 13:54:54.029 信息 [main] org.apache.catalina.startup.VersionLoggerListener.log Command line argument: -Djava.util.logging.manager=org.apache.juli.ClassLoaderLogManager
08-Jul-2019 13:54:54.029 信息 [main] org.apache.catalina.startup.VersionLoggerListener.log Command line argument: -Djdk.tls.ephemeralDHKeySize=2048
08-Jul-2019 13:54:54.029 信息 [main] org.apache.catalina.startup.VersionLoggerListener.log Command line argument: -Djava.protocol.handler.pkgs=org.apache.catalina.webresources
08-Jul-2019 13:54:54.029 信息 [main] org.apache.catalina.startup.VersionLoggerListener.log Command line argument: -Djava.endorsed.dirs=C:\Users\cwlojako\Desktop\apache-tomcat-8.0.47\endorsed
08-Jul-2019 13:54:54.030 信息 [main] org.apache.catalina.startup.VersionLoggerListener.log Command line argument: -Dcatalina.base=C:\Users\cwlojako\Desktop\apache-tomcat-8.0.47
08-Jul-2019 13:54:54.031 信息 [main] org.apache.catalina.startup.VersionLoggerListener.log Command line argument: -Dcatalina.home=C:\Users\cwlojako\Desktop\apache-tomcat-8.0.47
08-Jul-2019 13:54:54.032 信息 [main] org.apache.catalina.startup.VersionLoggerListener.log Command line argument: -Djava.io.tmpdir=C:\Users\cwlojako\Desktop\apache-tomcat-8.0.47\temp
08-Jul-2019 13:54:54.033 信息 [main] org.apache.catalina.core.AprLifecycleListener.lifecycleEvent Loaded APR based Apache Tomcat Native library 1.2.14 using APR version 1.6.2.
08-Jul-2019 13:54:54.034 信息 [main] org.apache.catalina.core.AprLifecycleListener.lifecycleEvent APR capabilities: IPv6 [true], sendfile [true], accept filters [false], random [true].
08-Jul-2019 13:54:55.201 信息 [main] org.apache.catalina.core.AprLifecycleListener.initializeSSL OpenSSL successfully initialized (OpenSSL 1.0.2l  25 May 2017)
08-Jul-2019 13:54:55.446 信息 [main] org.apache.coyote.AbstractProtocol.init Initializing ProtocolHandler ["http-apr-8080"]
08-Jul-2019 13:54:55.468 信息 [main] org.apache.coyote.AbstractProtocol.init Initializing ProtocolHandler ["ajp-apr-8009"]
08-Jul-2019 13:54:55.472 信息 [main] org.apache.catalina.startup.Catalina.load Initialization processed in 2423 ms
08-Jul-2019 13:54:55.547 信息 [main] org.apache.catalina.core.StandardService.startInternal Starting service Catalina
08-Jul-2019 13:54:55.548 信息 [main] org.apache.catalina.core.StandardEngine.startInternal Starting Servlet Engine: Apache Tomcat/8.0.47
08-Jul-2019 13:54:55.577 信息 [localhost-startStop-1] org.apache.catalina.startup.HostConfig.deployDirectory Deploying web application directory C:\Users\cwlojako\Desktop\apache-tomcat-8.0.47\webapps\CRUDDemo
08-Jul-2019 13:54:56.737 警告 [localhost-startStop-1] org.apache.catalina.util.SessionIdGeneratorBase.createSecureRandom Creation of SecureRandom instance for session ID generation using [SHA1PRNG] took [542] milliseconds.
08-Jul-2019 13:54:56.777 信息 [localhost-startStop-1] org.apache.catalina.startup.HostConfig.deployDirectory Deployment of web application directory C:\Users\cwlojako\Desktop\apache-tomcat-8.0.47\webapps\CRUDDemo has finished in 1,200 ms
08-Jul-2019 13:54:56.778 信息 [localhost-startStop-1] org.apache.catalina.startup.HostConfig.deployDirectory Deploying web application directory C:\Users\cwlojako\Desktop\apache-tomcat-8.0.47\webapps\ROOT
08-Jul-2019 13:54:56.836 信息 [localhost-startStop-1] org.apache.catalina.startup.HostConfig.deployDirectory Deployment of web application directory C:\Users\cwlojako\Desktop\apache-tomcat-8.0.47\webapps\ROOT has finished in 58 ms
08-Jul-2019 13:54:56.842 信息 [main] org.apache.coyote.AbstractProtocol.start Starting ProtocolHandler ["http-apr-8080"]
08-Jul-2019 13:54:56.868 信息 [main] org.apache.coyote.AbstractProtocol.start Starting ProtocolHandler ["ajp-apr-8009"]
08-Jul-2019 13:54:56.879 信息 [main] org.apache.catalina.startup.Catalina.start Server startup in 1405 ms
08-Jul-2019 13:55:31.069 信息 [main] org.apache.catalina.startup.VersionLoggerListener.log Server version:        Apache Tomcat/8.0.47
08-Jul-2019 13:55:31.076 信息 [main] org.apache.catalina.startup.VersionLoggerListener.log Server built:          Sep 29 2017 13:46:41 UTC
08-Jul-2019 13:55:31.076 信息 [main] org.apache.catalina.startup.VersionLoggerListener.log Server number:         8.0.47.0
08-Jul-2019 13:55:31.077 信息 [main] org.apache.catalina.startup.VersionLoggerListener.log OS Name:               Windows 8.1
08-Jul-2019 13:55:31.077 信息 [main] org.apache.catalina.startup.VersionLoggerListener.log OS Version:            6.3
08-Jul-2019 13:55:31.077 信息 [main] org.apache.catalina.startup.VersionLoggerListener.log Architecture:          amd64
08-Jul-2019 13:55:31.077 信息 [main] org.apache.catalina.startup.VersionLoggerListener.log Java Home:             C:\java\jdk1.8.0_20_x64\jre
08-Jul-2019 13:55:31.078 信息 [main] org.apache.catalina.startup.VersionLoggerListener.log JVM Version:           1.8.0_20-b26
08-Jul-2019 13:55:31.078 信息 [main] org.apache.catalina.startup.VersionLoggerListener.log JVM Vendor:            Oracle Corporation
08-Jul-2019 13:55:31.079 信息 [main] org.apache.catalina.startup.VersionLoggerListener.log CATALINA_BASE:         C:\Users\cwlojako\Desktop\apache-tomcat-8.0.47
08-Jul-2019 13:55:31.079 信息 [main] org.apache.catalina.startup.VersionLoggerListener.log CATALINA_HOME:         C:\Users\cwlojako\Desktop\apache-tomcat-8.0.47
08-Jul-2019 13:55:31.080 信息 [main] org.apache.catalina.startup.VersionLoggerListener.log Command line argument: -Djava.util.logging.config.file=C:\Users\cwlojako\Desktop\apache-tomcat-8.0.47\conf\logging.properties
08-Jul-2019 13:55:31.081 信息 [main] org.apache.catalina.startup.VersionLoggerListener.log Command line argument: -Djava.util.logging.manager=org.apache.juli.ClassLoaderLogManager
08-Jul-2019 13:55:31.081 信息 [main] org.apache.catalina.startup.VersionLoggerListener.log Command line argument: -Djdk.tls.ephemeralDHKeySize=2048
08-Jul-2019 13:55:31.081 信息 [main] org.apache.catalina.startup.VersionLoggerListener.log Command line argument: -Djava.protocol.handler.pkgs=org.apache.catalina.webresources
08-Jul-2019 13:55:31.082 信息 [main] org.apache.catalina.startup.VersionLoggerListener.log Command line argument: -Djava.endorsed.dirs=C:\Users\cwlojako\Desktop\apache-tomcat-8.0.47\endorsed
08-Jul-2019 13:55:31.082 信息 [main] org.apache.catalina.startup.VersionLoggerListener.log Command line argument: -Dcatalina.base=C:\Users\cwlojako\Desktop\apache-tomcat-8.0.47
08-Jul-2019 13:55:31.082 信息 [main] org.apache.catalina.startup.VersionLoggerListener.log Command line argument: -Dcatalina.home=C:\Users\cwlojako\Desktop\apache-tomcat-8.0.47
08-Jul-2019 13:55:31.083 信息 [main] org.apache.catalina.startup.VersionLoggerListener.log Command line argument: -Djava.io.tmpdir=C:\Users\cwlojako\Desktop\apache-tomcat-8.0.47\temp
08-Jul-2019 13:55:31.084 信息 [main] org.apache.catalina.core.AprLifecycleListener.lifecycleEvent Loaded APR based Apache Tomcat Native library 1.2.14 using APR version 1.6.2.
08-Jul-2019 13:55:31.084 信息 [main] org.apache.catalina.core.AprLifecycleListener.lifecycleEvent APR capabilities: IPv6 [true], sendfile [true], accept filters [false], random [true].
08-Jul-2019 13:55:32.268 信息 [main] org.apache.catalina.core.AprLifecycleListener.initializeSSL OpenSSL successfully initialized (OpenSSL 1.0.2l  25 May 2017)
08-Jul-2019 13:55:32.610 信息 [main] org.apache.coyote.AbstractProtocol.init Initializing ProtocolHandler ["http-apr-8080"]
08-Jul-2019 13:55:32.654 信息 [main] org.apache.coyote.AbstractProtocol.init Initializing ProtocolHandler ["ajp-apr-8009"]
08-Jul-2019 13:55:32.661 信息 [main] org.apache.catalina.startup.Catalina.load Initialization processed in 2598 ms
08-Jul-2019 13:55:32.760 信息 [main] org.apache.catalina.core.StandardService.startInternal Starting service Catalina
08-Jul-2019 13:55:32.761 信息 [main] org.apache.catalina.core.StandardEngine.startInternal Starting Servlet Engine: Apache Tomcat/8.0.47
08-Jul-2019 13:55:32.796 信息 [localhost-startStop-1] org.apache.catalina.startup.HostConfig.deployDirectory Deploying web application directory C:\Users\cwlojako\Desktop\apache-tomcat-8.0.47\webapps\CRUDDemo
08-Jul-2019 13:55:34.094 警告 [localhost-startStop-1] org.apache.catalina.util.SessionIdGeneratorBase.createSecureRandom Creation of SecureRandom instance for session ID generation using [SHA1PRNG] took [568] milliseconds.
08-Jul-2019 13:55:34.141 信息 [localhost-startStop-1] org.apache.catalina.startup.HostConfig.deployDirectory Deployment of web application directory C:\Users\cwlojako\Desktop\apache-tomcat-8.0.47\webapps\CRUDDemo has finished in 1,345 ms
08-Jul-2019 13:55:34.141 信息 [localhost-startStop-1] org.apache.catalina.startup.HostConfig.deployDirectory Deploying web application directory C:\Users\cwlojako\Desktop\apache-tomcat-8.0.47\webapps\ROOT
08-Jul-2019 13:55:34.202 信息 [localhost-startStop-1] org.apache.catalina.startup.HostConfig.deployDirectory Deployment of web application directory C:\Users\cwlojako\Desktop\apache-tomcat-8.0.47\webapps\ROOT has finished in 61 ms
08-Jul-2019 13:55:34.209 信息 [main] org.apache.coyote.AbstractProtocol.start Starting ProtocolHandler ["http-apr-8080"]
08-Jul-2019 13:55:34.239 信息 [main] org.apache.coyote.AbstractProtocol.start Starting ProtocolHandler ["ajp-apr-8009"]
08-Jul-2019 13:55:34.252 信息 [main] org.apache.catalina.startup.Catalina.start Server startup in 1589 ms
08-Jul-2019 13:56:24.258 信息 [ContainerBackgroundProcessor[StandardEngine[Catalina]]] org.apache.catalina.startup.HostConfig.reload Reloading context []
08-Jul-2019 13:56:24.259 信息 [ContainerBackgroundProcessor[StandardEngine[Catalina]]] org.apache.catalina.core.StandardContext.reload Reloading Context with name [] has started
08-Jul-2019 13:56:24.366 信息 [ContainerBackgroundProcessor[StandardEngine[Catalina]]] org.apache.catalina.core.StandardContext.reload Reloading Context with name [] is completed
08-Jul-2019 14:00:14.615 信息 [ContainerBackgroundProcessor[StandardEngine[Catalina]]] org.apache.catalina.startup.HostConfig.reload Reloading context []
08-Jul-2019 14:00:14.624 信息 [ContainerBackgroundProcessor[StandardEngine[Catalina]]] org.apache.catalina.core.StandardContext.reload Reloading Context with name [] has started
08-Jul-2019 14:00:14.703 信息 [ContainerBackgroundProcessor[StandardEngine[Catalina]]] org.apache.catalina.core.StandardContext.reload Reloading Context with name [] is completed
08-Jul-2019 14:00:44.886 信息 [ContainerBackgroundProcessor[StandardEngine[Catalina]]] org.apache.catalina.startup.HostConfig.reload Reloading context []
08-Jul-2019 14:00:44.924 信息 [ContainerBackgroundProcessor[StandardEngine[Catalina]]] org.apache.catalina.core.StandardContext.reload Reloading Context with name [] has started
08-Jul-2019 14:00:57.186 信息 [ContainerBackgroundProcessor[StandardEngine[Catalina]]] org.apache.jasper.servlet.TldScanner.scanJars At least one JAR was scanned for TLDs yet contained no TLDs. Enable debug logging for this logger for a complete list of JARs that were scanned but no TLDs were found in them. Skipping unneeded JARs during scanning can improve startup time and JSP compilation time.
08-Jul-2019 14:01:11.059 信息 [ContainerBackgroundProcessor[StandardEngine[Catalina]]] org.apache.catalina.core.StandardContext.reload Reloading Context with name [] is completed
08-Jul-2019 14:07:21.502 信息 [ContainerBackgroundProcessor[StandardEngine[Catalina]]] org.apache.catalina.startup.HostConfig.reload Reloading context []
08-Jul-2019 14:07:21.503 信息 [ContainerBackgroundProcessor[StandardEngine[Catalina]]] org.apache.catalina.core.StandardContext.reload Reloading Context with name [] has started
08-Jul-2019 14:07:21.612 警告 [ContainerBackgroundProcessor[StandardEngine[Catalina]]] org.apache.catalina.loader.WebappClassLoaderBase.clearReferencesJdbc The web application [ROOT] registered the JDBC driver [com.alibaba.druid.proxy.DruidDriver] but failed to unregister it when the web application was stopped. To prevent a memory leak, the JDBC Driver has been forcibly unregistered.
08-Jul-2019 14:07:21.612 警告 [ContainerBackgroundProcessor[StandardEngine[Catalina]]] org.apache.catalina.loader.WebappClassLoaderBase.clearReferencesJdbc The web application [ROOT] registered the JDBC driver [com.mysql.jdbc.Driver] but failed to unregister it when the web application was stopped. To prevent a memory leak, the JDBC Driver has been forcibly unregistered.
08-Jul-2019 14:07:21.614 警告 [ContainerBackgroundProcessor[StandardEngine[Catalina]]] org.apache.catalina.loader.WebappClassLoaderBase.clearReferencesThreads The web application [ROOT] appears to have started a thread named [Abandoned connection cleanup thread] but has failed to stop it. This is very likely to create a memory leak. Stack trace of thread:
 java.lang.Object.wait(Native Method)
 java.lang.ref.ReferenceQueue.remove(ReferenceQueue.java:142)
 com.mysql.jdbc.AbandonedConnectionCleanupThread.run(AbandonedConnectionCleanupThread.java:43)
08-Jul-2019 14:07:21.730 信息 [ContainerBackgroundProcessor[StandardEngine[Catalina]]] org.apache.catalina.core.StandardContext.reload Reloading Context with name [] is completed
08-Jul-2019 14:09:11.925 信息 [ContainerBackgroundProcessor[StandardEngine[Catalina]]] org.apache.catalina.startup.HostConfig.reload Reloading context []
08-Jul-2019 14:09:11.926 信息 [ContainerBackgroundProcessor[StandardEngine[Catalina]]] org.apache.catalina.core.StandardContext.reload Reloading Context with name [] has started
08-Jul-2019 14:09:14.321 信息 [ContainerBackgroundProcessor[StandardEngine[Catalina]]] org.apache.jasper.servlet.TldScanner.scanJars At least one JAR was scanned for TLDs yet contained no TLDs. Enable debug logging for this logger for a complete list of JARs that were scanned but no TLDs were found in them. Skipping unneeded JARs during scanning can improve startup time and JSP compilation time.
08-Jul-2019 14:09:14.606 信息 [ContainerBackgroundProcessor[StandardEngine[Catalina]]] org.apache.catalina.core.StandardContext.reload Reloading Context with name [] is completed
08-Jul-2019 14:09:35.164 信息 [ContainerBackgroundProcessor[StandardEngine[Catalina]]] org.apache.catalina.startup.HostConfig.undeploy Undeploying context [/CRUDDemo]
08-Jul-2019 14:15:44.083 信息 [Thread-3] org.apache.coyote.AbstractProtocol.pause Pausing ProtocolHandler ["http-apr-8080"]
